{"level":"error","message":"E-mail is already taken, try another"}
{"level":"error","message":"E-mail is already taken, try another"}
{"level":"error","message":"E-mail is already taken, try another"}
{"level":"error","message":"E-mail is already taken, try another"}
{"level":"error","message":"E-mail is already taken, try another"}
{"level":"error","message":"E-mail is already taken, try another"}
{"level":"error","message":"E-mail is already taken, try another"}
{"level":"error","message":"E-mail is already taken, try another"}
{"level":"error","message":"E-mail is already taken, try another"}
{"level":"error","message":"E-mail is already taken, try another"}
{"level":"error","message":"success ${user.fullName} created"}
{"level":"error","message":"E-mail is already taken, try another"}
{"level":"error","message":"E-mail is already taken, try another"}
{"level":"error","message":"E-mail is already taken, try another"}
{"level":"error","message":"E-mail is already taken, try another"}
{"level":"error","message":"E-mail is already taken, try another"}
{"level":"error","message":"E-mail is already taken, try another"}
{"level":"error","message":"E-mail is already taken, try another"}
{"level":"error","message":"success bettyy created"}
{"level":"error","message":"success bettyy created"}
{"level":"error","message":"E-mail is already taken, try another"}
{"level":"error","message":"success bettyy created"}
{"level":"error","message":"success bettyy created"}
{"level":"error","message":"E-mail is already taken, try another"}
{"level":"error","message":"success betty annang created"}
{"level":"error","message":"success betty a annang created"}
